Arguments: 
  /data/data/com.termux/files/usr/bin/node /data/data/com.termux/files/home/.yarn/bin/yarn.js add express body-parser ejs uuid multer sharp --save

PATH: 
  /data/data/com.termux/files/home/.yarn/bin:/data/data/com.termux/files/home/.config/yarn/global/node_modules/.bin:/data/data/com.termux/files/usr/bin

Yarn version: 
  1.22.19

Node version: 
  18.2.0

Platform: 
  android arm64

Trace: 
  Error: EPERM: operation not permitted, symlink '../../../acorn/bin/acorn' -> '/storage/emulated/0/projects/javascript/appy/node_modules/acorn-globals/node_modules/.bin/acorn'

npm manifest: 
  {
    "name": "appy",
    "version": "1.0.0",
    "main": "index.js",
    "license": "MIT",
    "dependencies": {
      "cookie-parser": "~1.4.4",
      "debug": "~2.6.9",
      "express": "~4.16.1",
      "http-errors": "~1.6.3",
      "jade": "~1.11.0",
      "morgan": "~1.9.1"
    },
    "type": "module",
    "description": "my express app",
    "devDependencies": {},
    "scripts": {
      "run": "clear; echo \"Wait\"; nodemon .;"
    },
    "keywords": [
      "tests",
      "backend"
    ],
    "author": "iiHaSTe"
  }

yarn manifest: 
  No manifest

Lockfile: 
  # THIS IS AN AUTOGENERATED FILE. DO NOT EDIT THIS FILE DIRECTLY.
  # yarn lockfile v1
